<?xml version="1.0" encoding="UTF-8"?>
<!-- Generated by org.testng.reporters.JUnitXMLReporter -->
<testsuite ignored="0" hostname="LAPTOP-F551UCBC" failures="0" tests="4" name="Default test" time="0.046" errors="0" timestamp="07 Sep 2023 01:34:32 GMT">
  <testcase classname="org.testng.Day3" name="tc1" time="0.016"/>
  <testcase classname="org.testng.Day3" name="tc2" time="0.002"/>
  <testcase classname="org.testng.Day3" name="tc3" time="0.001"/>
  <testcase classname="org.testng.Day3" name="tc4" time="0.0"/>
</testsuite> <!-- Default test -->
