<?xml version="1.0" encoding="UTF-8"?>
<!-- Generated by org.testng.reporters.JUnitXMLReporter -->
<testsuite ignored="2" hostname="LAPTOP-F551UCBC" failures="0" tests="1" name="Test" time="47.529" errors="0" timestamp="07 Sep 2023 01:46:44 GMT">
  <testcase classname="org.testng.Day44444" name="tc3" time="0.473"/>
  <testcase classname="org.testng.Day44444" name="tc1" time="0.0">
    <ignored/>
  </testcase> <!-- tc1 -->
  <testcase classname="org.testng.Day44444" name="tc2" time="0.0">
    <ignored/>
  </testcase> <!-- tc2 -->
</testsuite> <!-- Test -->
