<?xml version="1.0" encoding="UTF-8"?>
<testng-results ignored="2" total="3" passed="1" failed="0" skipped="0">
  <reporter-output>
  </reporter-output>
  <suite started-at="2023-09-07T01:45:57Z" name="Suite" finished-at="2023-09-07T01:46:44Z" duration-ms="47529">
    <groups>
    </groups>
    <test started-at="2023-09-07T01:45:57Z" name="Test" finished-at="2023-09-07T01:46:44Z" duration-ms="47529">
      <class name="org.testng.Day44444">
        <test-method is-config="true" signature="chromeOpen()[pri:0, instance:org.testng.Day44444@50d13246]" started-at="2023-09-07T01:45:57Z" name="chromeOpen" finished-at="2023-09-07T01:46:42Z" duration-ms="45878" status="PASS">
          <reporter-output>
          </reporter-output>
        </test-method> <!-- chromeOpen -->
        <test-method is-config="true" signature="startTime()[pri:0, instance:org.testng.Day44444@50d13246]" started-at="2023-09-07T01:46:42Z" name="startTime" finished-at="2023-09-07T01:46:43Z" duration-ms="929" status="PASS">
          <reporter-output>
          </reporter-output>
        </test-method> <!-- startTime -->
        <test-method signature="tc3()[pri:-2, instance:org.testng.Day44444@50d13246]" started-at="2023-09-07T01:46:43Z" name="tc3" finished-at="2023-09-07T01:46:44Z" duration-ms="473" status="PASS">
          <reporter-output>
          </reporter-output>
        </test-method> <!-- tc3 -->
        <test-method is-config="true" signature="endTime()[pri:0, instance:org.testng.Day44444@50d13246]" started-at="2023-09-07T01:46:44Z" name="endTime" finished-at="2023-09-07T01:46:44Z" duration-ms="0" status="PASS">
          <reporter-output>
          </reporter-output>
        </test-method> <!-- endTime -->
        <test-method is-config="true" signature="chromeClose()[pri:0, instance:org.testng.Day44444@50d13246]" started-at="2023-09-07T01:46:44Z" name="chromeClose" finished-at="2023-09-07T01:46:44Z" duration-ms="226" status="PASS">
          <reporter-output>
          </reporter-output>
        </test-method> <!-- chromeClose -->
      </class> <!-- org.testng.Day44444 -->
    </test> <!-- Test -->
  </suite> <!-- Suite -->
</testng-results>
